0 info it worked if it ends with ok
1 verbose cli [ 'D:\\Program Files\\nodejs\\node.exe',
1 verbose cli   'C:\\Users\\TAOEER\\AppData\\Roaming\\npm\\node_modules\\cnpm\\node_modules\\npm\\bin\\npm-cli.js',
1 verbose cli   '--userconfig=C:\\Users\\TAOEER\\.cnpmrc',
1 verbose cli   '--disturl=https://npm.taobao.org/mirrors/node',
1 verbose cli   '--registry=https://registry.npm.taobao.org',
1 verbose cli   'run',
1 verbose cli   'dev' ]
2 info using npm@3.10.10
3 info using node@v8.0.0
4 verbose run-script [ 'predev', 'dev', 'postdev' ]
5 info lifecycle dp@1.0.0~predev: dp@1.0.0
6 silly lifecycle dp@1.0.0~predev: no script for predev, continuing
7 info lifecycle dp@1.0.0~dev: dp@1.0.0
8 verbose lifecycle dp@1.0.0~dev: unsafe-perm in lifecycle true
9 verbose lifecycle dp@1.0.0~dev: PATH: C:\Users\TAOEER\AppData\Roaming\npm\node_modules\cnpm\node_modules\npm\bin\node-gyp-bin;F:\myproject\dp\node_modules\.bin;C:\ProgramData\Oracle\Java\javapath;C:\WINDOWS\system32;C:\WINDOWS;C:\WINDOWS\System32\Wbem;C:\WINDOWS\System32\WindowsPowerShell\v1.0\;D:\Program Files\Sublime Text 3;D:\Program Files\Java\jdk1.8.0_111\bin;D:\Program Files\go\bin;D:\Program Files\apache-maven-3.3.9\bin;D:\Program Files\MongoDB\Server\3.2\bin;D:\Program Files (x86)\Git\bin;D:\Program Files\sqlite3;D:\Program Files\nginx-1.11.5;D:\Program Files\TortoiseGit\bin;D:\Program Files\nodejs\;C:\Users\TAOEER\AppData\Local\atom\bin;d:\Program Files (x86)\Microsoft VS Code\bin;C:\Users\TAOEER\AppData\Local\Microsoft\WindowsApps;C:\Users\TAOEER\AppData\Roaming\npm
10 verbose lifecycle dp@1.0.0~dev: CWD: F:\myproject\dp
11 silly lifecycle dp@1.0.0~dev: Args: [ '/d /s /c', 'node build/server.js' ]
12 silly lifecycle dp@1.0.0~dev: Returned: code: 1  signal: null
13 info lifecycle dp@1.0.0~dev: Failed to exec dev script
14 verbose stack Error: dp@1.0.0 dev: `node build/server.js`
14 verbose stack Exit status 1
14 verbose stack     at EventEmitter.<anonymous> (C:\Users\TAOEER\AppData\Roaming\npm\node_modules\cnpm\node_modules\npm\lib\utils\lifecycle.js:255:16)
14 verbose stack     at emitTwo (events.js:125:13)
14 verbose stack     at EventEmitter.emit (events.js:213:7)
14 verbose stack     at ChildProcess.<anonymous> (C:\Users\TAOEER\AppData\Roaming\npm\node_modules\cnpm\node_modules\npm\lib\utils\spawn.js:40:14)
14 verbose stack     at emitTwo (events.js:125:13)
14 verbose stack     at ChildProcess.emit (events.js:213:7)
14 verbose stack     at maybeClose (internal/child_process.js:887:16)
14 verbose stack     at Process.ChildProcess._handle.onexit (internal/child_process.js:208:5)
15 verbose pkgid dp@1.0.0
16 verbose cwd F:\myproject\dp
17 error Windows_NT 10.0.14393
18 error argv "D:\\Program Files\\nodejs\\node.exe" "C:\\Users\\TAOEER\\AppData\\Roaming\\npm\\node_modules\\cnpm\\node_modules\\npm\\bin\\npm-cli.js" "--userconfig=C:\\Users\\TAOEER\\.cnpmrc" "--disturl=https://npm.taobao.org/mirrors/node" "--registry=https://registry.npm.taobao.org" "run" "dev"
19 error node v8.0.0
20 error npm  v3.10.10
21 error code ELIFECYCLE
22 error dp@1.0.0 dev: `node build/server.js`
22 error Exit status 1
23 error Failed at the dp@1.0.0 dev script 'node build/server.js'.
23 error Make sure you have the latest version of node.js and npm installed.
23 error If you do, this is most likely a problem with the dp package,
23 error not with npm itself.
23 error Tell the author that this fails on your system:
23 error     node build/server.js
23 error You can get information on how to open an issue for this project with:
23 error     npm bugs dp
23 error Or if that isn't available, you can get their info via:
23 error     npm owner ls dp
23 error There is likely additional logging output above.
24 verbose exit [ 1, true ]
